This is pdfTeX, Version 3.14159265-2.6-1.40.16 (TeX Live 2015/Arch Linux) (preloaded format=pdflatex 2016.3.28)  28 JUN 2016 13:55
entering extended mode
 restricted \write18 enabled.
 %&-line parsing enabled.
**report.tex
(./report.tex
LaTeX2e <2015/10/01> patch level 2
Babel <3.9m> and hyphenation patterns for 79 languages loaded.
(/usr/share/texmf-dist/tex/latex/base/article.cls
Document Class: article 2014/09/29 v1.4h Standard LaTeX document class
(/usr/share/texmf-dist/tex/latex/base/size10.clo
File: size10.clo 2014/09/29 v1.4h Standard LaTeX file (size option)
)
\c@part=\count79
\c@section=\count80
\c@subsection=\count81
\c@subsubsection=\count82
\c@paragraph=\count83
\c@subparagraph=\count84
\c@figure=\count85
\c@table=\count86
\abovecaptionskip=\skip41
\belowcaptionskip=\skip42
\bibindent=\dimen102
)
(/usr/share/texmf-dist/tex/latex/base/inputenc.sty
Package: inputenc 2015/03/17 v1.2c Input encoding file
\inpenc@prehook=\toks14
\inpenc@posthook=\toks15

(/usr/share/texmf-dist/tex/latex/ucs/utf8x.def
File: utf8x.def 2004/10/17 UCS: Input encoding UTF-8
))
(/usr/share/texmf-dist/tex/latex/ucs/ucs.sty
Package: ucs 2013/05/11 v2.2 UCS: Unicode input support

(/usr/share/texmf-dist/tex/latex/ucs/data/uni-global.def
File: uni-global.def 2013/05/13 UCS: Unicode global data
)
\uc@secondtry=\count87
\uc@combtoks=\toks16
\uc@combtoksb=\toks17
\uc@temptokena=\toks18
)
(/usr/share/texmf-dist/tex/latex/base/fontenc.sty
Package: fontenc 2005/09/27 v1.99g Standard LaTeX package

(/usr/share/texmf-dist/tex/latex/base/t1enc.def
File: t1enc.def 2005/09/27 v1.99g Standard LaTeX file
LaTeX Font Info:    Redeclaring font encoding T1 on input line 48.
)
(/usr/share/texmf-dist/tex/latex/cyrillic/t2aenc.def
File: t2aenc.def 2005/09/27 v1.0i Cyrillic encoding definition file
)
LaTeX Font Info:    Try loading font information for T2A+cmr on input line 105.


(/usr/share/texmf-dist/tex/latex/cyrillic/t2acmr.fd
File: t2acmr.fd 2001/08/11 v1.0a Computer Modern Cyrillic font definitions
))
(/usr/share/texmf-dist/tex/generic/babel/babel.sty
Package: babel 2015/08/03 3.9m The Babel package

(/usr/share/texmf-dist/tex/generic/babel-russian/russianb.ldf
Language: russianb 2015/05/01 1.3g Russian support for the Babel system

(/usr/share/texmf-dist/tex/generic/babel/babel.def
File: babel.def 2015/08/03 3.9m Babel common definitions
\babel@savecnt=\count88
\U@D=\dimen103
)
Package babel Info: Making " an active character on input line 111.
))
(/usr/share/texmf-dist/tex/latex/hyperref/hyperref.sty
Package: hyperref 2012/11/06 v6.83m Hypertext links for LaTeX

(/usr/share/texmf-dist/tex/generic/oberdiek/hobsub-hyperref.sty
Package: hobsub-hyperref 2012/05/28 v1.13 Bundle oberdiek, subset hyperref (HO)


(/usr/share/texmf-dist/tex/generic/oberdiek/hobsub-generic.sty
Package: hobsub-generic 2012/05/28 v1.13 Bundle oberdiek, subset generic (HO)
Package: hobsub 2012/05/28 v1.13 Construct package bundles (HO)
Package: infwarerr 2010/04/08 v1.3 Providing info/warning/error messages (HO)
Package: ltxcmds 2011/11/09 v1.22 LaTeX kernel commands for general use (HO)
Package: ifluatex 2010/03/01 v1.3 Provides the ifluatex switch (HO)
Package ifluatex Info: LuaTeX not detected.
Package: ifvtex 2010/03/01 v1.5 Detect VTeX and its facilities (HO)
Package ifvtex Info: VTeX not detected.
Package: intcalc 2007/09/27 v1.1 Expandable calculations with integers (HO)
Package: ifpdf 2011/01/30 v2.3 Provides the ifpdf switch (HO)
Package ifpdf Info: pdfTeX in PDF mode is detected.
Package: etexcmds 2011/02/16 v1.5 Avoid name clashes with e-TeX commands (HO)
Package etexcmds Info: Could not find \expanded.
(etexcmds)             That can mean that you are not using pdfTeX 1.50 or
(etexcmds)             that some package has redefined \expanded.
(etexcmds)             In the latter case, load this package earlier.
Package: kvsetkeys 2012/04/25 v1.16 Key value parser (HO)
Package: kvdefinekeys 2011/04/07 v1.3 Define keys (HO)
Package: pdftexcmds 2011/11/29 v0.20 Utility functions of pdfTeX for LuaTeX (HO
)
Package pdftexcmds Info: LuaTeX not detected.
Package pdftexcmds Info: \pdf@primitive is available.
Package pdftexcmds Info: \pdf@ifprimitive is available.
Package pdftexcmds Info: \pdfdraftmode found.
Package: pdfescape 2011/11/25 v1.13 Implements pdfTeX's escape features (HO)
Package: bigintcalc 2012/04/08 v1.3 Expandable calculations on big integers (HO
)
Package: bitset 2011/01/30 v1.1 Handle bit-vector datatype (HO)
Package: uniquecounter 2011/01/30 v1.2 Provide unlimited unique counter (HO)
)
Package hobsub Info: Skipping package `hobsub' (already loaded).
Package: letltxmacro 2010/09/02 v1.4 Let assignment for LaTeX macros (HO)
Package: hopatch 2012/05/28 v1.2 Wrapper for package hooks (HO)
Package: xcolor-patch 2011/01/30 xcolor patch
Package: atveryend 2011/06/30 v1.8 Hooks at the very end of document (HO)
Package atveryend Info: \enddocument detected (standard20110627).
Package: atbegshi 2011/10/05 v1.16 At begin shipout hook (HO)
Package: refcount 2011/10/16 v3.4 Data extraction from label references (HO)
Package: hycolor 2011/01/30 v1.7 Color options for hyperref/bookmark (HO)
)
(/usr/share/texmf-dist/tex/latex/graphics/keyval.sty
Package: keyval 2014/10/28 v1.15 key=value parser (DPC)
\KV@toks@=\toks19
)
(/usr/share/texmf-dist/tex/generic/ifxetex/ifxetex.sty
Package: ifxetex 2010/09/12 v0.6 Provides ifxetex conditional
)
(/usr/share/texmf-dist/tex/latex/oberdiek/auxhook.sty
Package: auxhook 2011/03/04 v1.3 Hooks for auxiliary files (HO)
)
(/usr/share/texmf-dist/tex/latex/oberdiek/kvoptions.sty
Package: kvoptions 2011/06/30 v3.11 Key value format for package options (HO)
)
\@linkdim=\dimen104
\Hy@linkcounter=\count89
\Hy@pagecounter=\count90

(/usr/share/texmf-dist/tex/latex/hyperref/pd1enc.def
File: pd1enc.def 2012/11/06 v6.83m Hyperref: PDFDocEncoding definition (HO)
)
\Hy@SavedSpaceFactor=\count91
Package hyperref Info: Option `unicode' set `true' on input line 3411.

(/usr/share/texmf-dist/tex/latex/hyperref/puenc.def
File: puenc.def 2012/11/06 v6.83m Hyperref: PDF Unicode definition (HO)
)
(/usr/share/texmf-dist/tex/latex/latexconfig/hyperref.cfg
File: hyperref.cfg 2002/06/06 v1.2 hyperref configuration of TeXLive
)
Package hyperref Info: Hyper figures OFF on input line 4443.
Package hyperref Info: Link nesting OFF on input line 4448.
Package hyperref Info: Hyper index ON on input line 4451.
Package hyperref Info: Plain pages OFF on input line 4458.
Package hyperref Info: Backreferencing OFF on input line 4463.
Package hyperref Info: Implicit mode ON; LaTeX internals redefined.
Package hyperref Info: Bookmarks ON on input line 4688.
\c@Hy@tempcnt=\count92

(/usr/share/texmf-dist/tex/latex/url/url.sty
\Urlmuskip=\muskip10
Package: url 2013/09/16  ver 3.4  Verb mode for urls, etc.
)
LaTeX Info: Redefining \url on input line 5041.
\XeTeXLinkMargin=\dimen105
\Fld@menulength=\count93
\Field@Width=\dimen106
\Fld@charsize=\dimen107
Package hyperref Info: Hyper figures OFF on input line 6295.
Package hyperref Info: Link nesting OFF on input line 6300.
Package hyperref Info: Hyper index ON on input line 6303.
Package hyperref Info: backreferencing OFF on input line 6310.
Package hyperref Info: Link coloring OFF on input line 6315.
Package hyperref Info: Link coloring with OCG OFF on input line 6320.
Package hyperref Info: PDF/A mode OFF on input line 6325.
LaTeX Info: Redefining \ref on input line 6365.
LaTeX Info: Redefining \pageref on input line 6369.
\Hy@abspage=\count94
\c@Item=\count95
\c@Hfootnote=\count96
)

Package hyperref Message: Driver (autodetected): hpdftex.

(/usr/share/texmf-dist/tex/latex/hyperref/hpdftex.def
File: hpdftex.def 2012/11/06 v6.83m Hyperref driver for pdfTeX
\Fld@listcount=\count97
\c@bookmark@seq@number=\count98

(/usr/share/texmf-dist/tex/latex/oberdiek/rerunfilecheck.sty
Package: rerunfilecheck 2011/04/15 v1.7 Rerun checks for auxiliary files (HO)
Package uniquecounter Info: New unique counter `rerunfilecheck' on input line 2
82.
)
\Hy@SectionHShift=\skip43
)
(/usr/share/texmf-dist/tex/latex/tools/indentfirst.sty
Package: indentfirst 1995/11/23 v1.03 Indent first paragraph (DPC)
)
(/usr/share/texmf-dist/tex/latex/listings/listings.sty
\lst@mode=\count99
\lst@gtempboxa=\box26
\lst@token=\toks20
\lst@length=\count100
\lst@currlwidth=\dimen108
\lst@column=\count101
\lst@pos=\count102
\lst@lostspace=\dimen109
\lst@width=\dimen110
\lst@newlines=\count103
\lst@lineno=\count104
\lst@maxwidth=\dimen111

(/usr/share/texmf-dist/tex/latex/listings/lstmisc.sty
File: lstmisc.sty 2015/06/04 1.6 (Carsten Heinz)
\c@lstnumber=\count105
\lst@skipnumbers=\count106
\lst@framebox=\box27
)
(/usr/share/texmf-dist/tex/latex/listings/listings.cfg
File: listings.cfg 2015/06/04 1.6 listings configuration
))
Package: listings 2015/06/04 1.6 (Carsten Heinz)

(/usr/share/texmf-dist/tex/latex/graphics/color.sty
Package: color 2014/10/28 v1.1a Standard LaTeX Color (DPC)

(/usr/share/texmf-dist/tex/latex/latexconfig/color.cfg
File: color.cfg 2007/01/18 v1.5 color configuration of teTeX/TeXLive
)
Package color Info: Driver file: pdftex.def on input line 142.

(/usr/share/texmf-dist/tex/latex/pdftex-def/pdftex.def
File: pdftex.def 2011/05/27 v0.06d Graphics/color for pdfTeX
\Gread@gobject=\count107
))
(/usr/share/texmf-dist/tex/latex/here/here.sty)
(/usr/share/texmf-dist/tex/latex/float/float.sty
Package: float 2001/11/08 v1.3d Float enhancements (AL)
\c@float@type=\count108
\float@exts=\toks21
\float@box=\box28
\@float@everytoks=\toks22
\@floatcapt=\box29
)
(/usr/share/texmf-dist/tex/latex/tools/array.sty
Package: array 2014/10/28 v2.4c Tabular extension package (FMi)
\col@sep=\dimen112
\extrarowheight=\dimen113
\NC@list=\toks23
\extratabsurround=\skip44
\backup@length=\skip45
)
(/usr/share/texmf-dist/tex/latex/multirow/multirow.sty
\bigstrutjot=\dimen114
)
(/usr/share/texmf-dist/tex/latex/graphics/graphicx.sty
Package: graphicx 2014/10/28 v1.0g Enhanced LaTeX Graphics (DPC,SPQR)

(/usr/share/texmf-dist/tex/latex/graphics/graphics.sty
Package: graphics 2014/10/28 v1.0p Standard LaTeX Graphics (DPC,SPQR)

(/usr/share/texmf-dist/tex/latex/graphics/trig.sty
Package: trig 1999/03/16 v1.09 sin cos tan (DPC)
)
(/usr/share/texmf-dist/tex/latex/latexconfig/graphics.cfg
File: graphics.cfg 2010/04/23 v1.9 graphics configuration of TeX Live
)
Package graphics Info: Driver file: pdftex.def on input line 94.
)
\Gin@req@height=\dimen115
\Gin@req@width=\dimen116
)
(/usr/share/texmf-dist/tex/latex/oberdiek/grffile.sty
Package: grffile 2012/04/05 v1.16 Extended file name support for graphics (HO)
Package grffile Info: Option `multidot' is set to `true'.
Package grffile Info: Option `extendedchars' is set to `false'.
Package grffile Info: Option `space' is set to `true'.
Package grffile Info: \Gin@ii of package `graphicx' fixed on input line 486.
)
(/usr/share/texmf-dist/tex/latex/caption/caption.sty
Package: caption 2015/09/17 v3.3-111 Customizing captions (AR)

(/usr/share/texmf-dist/tex/latex/caption/caption3.sty
Package: caption3 2015/09/20 v1.7-115 caption3 kernel (AR)
Package caption3 Info: TeX engine: e-TeX on input line 57.
\captionmargin=\dimen117
\captionmargin@=\dimen118
\captionwidth=\dimen119
\caption@tempdima=\dimen120
\caption@indent=\dimen121
\caption@parindent=\dimen122
\caption@hangindent=\dimen123
)
\c@ContinuedFloat=\count109
Package caption Info: float package is loaded.
Package caption Info: hyperref package is loaded.
Package caption Info: listings package is loaded.
)
(/usr/share/texmf-dist/tex/latex/listings/lstlang1.sty
File: lstlang1.sty 2015/06/04 1.6 listings language file
)
(/usr/share/texmf-dist/tex/latex/listings/lstlang1.sty
File: lstlang1.sty 2015/06/04 1.6 listings language file
)
(/usr/share/texmf-dist/tex/latex/geometry/geometry.sty
Package: geometry 2010/09/12 v5.6 Page Geometry
\Gm@cnth=\count110
\Gm@cntv=\count111
\c@Gm@tempcnt=\count112
\Gm@bindingoffset=\dimen124
\Gm@wd@mp=\dimen125
\Gm@odd@mp=\dimen126
\Gm@even@mp=\dimen127
\Gm@layoutwidth=\dimen128
\Gm@layoutheight=\dimen129
\Gm@layouthoffset=\dimen130
\Gm@layoutvoffset=\dimen131
\Gm@dimlist=\toks24
) (./report.aux

LaTeX Warning: Label `pic:pic_name' multiply defined.


LaTeX Warning: Label `pic:pic_name' multiply defined.


LaTeX Warning: Label `pic:pic_name' multiply defined.


LaTeX Warning: Label `pic:pic_name' multiply defined.


LaTeX Warning: Label `pic:pic_name' multiply defined.


LaTeX Warning: Label `pic:pic_name' multiply defined.


LaTeX Warning: Label `pic:pic_name' multiply defined.


LaTeX Warning: Label `pic:pic_name' multiply defined.


LaTeX Warning: Label `pic:pic_name' multiply defined.


LaTeX Warning: Label `pic:pic_name' multiply defined.


LaTeX Warning: Label `pic:pic_name' multiply defined.


LaTeX Warning: Label `pic:pic_name' multiply defined.


LaTeX Warning: Label `pic:pic_name' multiply defined.


LaTeX Warning: Label `pic:pic_name' multiply defined.


LaTeX Warning: Label `pic:pic_name' multiply defined.


LaTeX Warning: Label `pic:pic_name' multiply defined.


LaTeX Warning: Label `pic:pic_name' multiply defined.


LaTeX Warning: Label `pic:pic_name' multiply defined.


LaTeX Warning: Label `pic:pic_name' multiply defined.


LaTeX Warning: Label `pic:pic_name' multiply defined.


LaTeX Warning: Label `pic:pic_name' multiply defined.


LaTeX Warning: Label `pic:pic_name' multiply defined.

)
\openout1 = `report.aux'.

LaTeX Font Info:    Checking defaults for OML/cmm/m/it on input line 46.
LaTeX Font Info:    ... okay on input line 46.
LaTeX Font Info:    Checking defaults for T1/cmr/m/n on input line 46.
LaTeX Font Info:    ... okay on input line 46.
LaTeX Font Info:    Checking defaults for OT1/cmr/m/n on input line 46.
LaTeX Font Info:    ... okay on input line 46.
LaTeX Font Info:    Checking defaults for OMS/cmsy/m/n on input line 46.
LaTeX Font Info:    ... okay on input line 46.
LaTeX Font Info:    Checking defaults for OMX/cmex/m/n on input line 46.
LaTeX Font Info:    ... okay on input line 46.
LaTeX Font Info:    Checking defaults for U/cmr/m/n on input line 46.
LaTeX Font Info:    ... okay on input line 46.
LaTeX Font Info:    Checking defaults for T2A/cmr/m/n on input line 46.
LaTeX Font Info:    ... okay on input line 46.
LaTeX Font Info:    Checking defaults for PD1/pdf/m/n on input line 46.
LaTeX Font Info:    ... okay on input line 46.
LaTeX Font Info:    Checking defaults for PU/pdf/m/n on input line 46.
LaTeX Font Info:    ... okay on input line 46.
 (/usr/share/texmf-dist/tex/latex/ucs/ucsencs.def
File: ucsencs.def 2011/01/21 Fixes to fontencodings LGR, T3
)
\AtBeginShipoutBox=\box30
Package hyperref Info: Link coloring OFF on input line 46.

(/usr/share/texmf-dist/tex/latex/hyperref/nameref.sty
Package: nameref 2012/10/27 v2.43 Cross-referencing by name of section

(/usr/share/texmf-dist/tex/generic/oberdiek/gettitlestring.sty
Package: gettitlestring 2010/12/03 v1.4 Cleanup title references (HO)
)
\c@section@level=\count113
)
LaTeX Info: Redefining \ref on input line 46.
LaTeX Info: Redefining \pageref on input line 46.
LaTeX Info: Redefining \nameref on input line 46.
 (./report.out) (./report.out)
\@outlinefile=\write3
\openout3 = `report.out'.

\c@lstlisting=\count114
 (/usr/share/texmf-dist/tex/context/base/supp-pdf.mkii
[Loading MPS to PDF converter (version 2006.09.02).]
\scratchcounter=\count115
\scratchdimen=\dimen132
\scratchbox=\box31
\nofMPsegments=\count116
\nofMParguments=\count117
\everyMPshowfont=\toks25
\MPscratchCnt=\count118
\MPscratchDim=\dimen133
\MPnumerator=\count119
\makeMPintoPDFobject=\count120
\everyMPtoPDFconversion=\toks26
) (/usr/share/texmf-dist/tex/latex/oberdiek/epstopdf-base.sty
Package: epstopdf-base 2010/02/09 v2.5 Base part for package epstopdf

(/usr/share/texmf-dist/tex/latex/oberdiek/grfext.sty
Package: grfext 2010/08/19 v1.1 Manage graphics extensions (HO)
)
Package grfext Info: Graphics extension search list:
(grfext)             [.png,.pdf,.jpg,.mps,.jpeg,.jbig2,.jb2,.PNG,.PDF,.JPG,.JPE
G,.JBIG2,.JB2,.eps]
(grfext)             \AppendGraphicsExtensions on input line 452.

(/usr/share/texmf-dist/tex/latex/latexconfig/epstopdf-sys.cfg
File: epstopdf-sys.cfg 2010/07/13 v1.3 Configuration of (r)epstopdf for TeX Liv
e
))
Package caption Info: Begin \AtBeginDocument code.
Package caption Info: End \AtBeginDocument code.

*geometry* driver: auto-detecting
*geometry* detected driver: pdftex
*geometry* verbose mode - [ preamble ] result:
* driver: pdftex
* paper: a4paper
* layout: <same size as paper>
* layoutoffset:(h,v)=(0.0pt,0.0pt)
* modes: 
* h-part:(L,W,R)=(56.9055pt, 483.69687pt, 56.9055pt)
* v-part:(T,H,B)=(56.9055pt, 731.23584pt, 56.9055pt)
* \paperwidth=597.50787pt
* \paperheight=845.04684pt
* \textwidth=483.69687pt
* \textheight=731.23584pt
* \oddsidemargin=-15.36449pt
* \evensidemargin=-15.36449pt
* \topmargin=-52.36449pt
* \headheight=12.0pt
* \headsep=25.0pt
* \topskip=10.0pt
* \footskip=30.0pt
* \marginparwidth=57.0pt
* \marginparsep=11.0pt
* \columnsep=10.0pt
* \skip\footins=9.0pt plus 4.0pt minus 2.0pt
* \hoffset=0.0pt
* \voffset=0.0pt
* \mag=1000
* \@twocolumnfalse
* \@twosidefalse
* \@mparswitchfalse
* \@reversemarginfalse
* (1in=72.27pt=25.4mm, 1cm=28.453pt)

(/usr/share/texmf-dist/tex/latex/ucs/data/uni-4.def
File: uni-4.def 2013/05/13 UCS: Unicode data U+0400..U+04FF
)
(/usr/share/texmf-dist/tex/latex/ucs/data/uni-33.def
File: uni-33.def 2013/05/13 UCS: Unicode data U+2100..U+21FF
)
LaTeX Font Info:    External font `cmex10' loaded for size
(Font)              <7> on input line 76.
LaTeX Font Info:    External font `cmex10' loaded for size
(Font)              <5> on input line 76.
Package babel Info: Redefining russian shorthand "|
(babel)             in language append on input line 87.
Package babel Info: Redefining russian shorthand "~
(babel)             in language append on input line 87.
Package babel Info: Redefining russian shorthand "|
(babel)             in language append on input line 87.
Package babel Info: Redefining russian shorthand "~
(babel)             in language append on input line 87.
 [1

{/var/lib/texmf/fonts/map/pdftex/updmap/pdftex.map}] (./report.toc)
\tf@toc=\write4
\openout4 = `report.toc'.

Package babel Info: Redefining russian shorthand "|
(babel)             in language append on input line 94.
Package babel Info: Redefining russian shorthand "~
(babel)             in language append on input line 94.
Package babel Info: Redefining russian shorthand "|
(babel)             in language append on input line 94.
Package babel Info: Redefining russian shorthand "~
(babel)             in language append on input line 94.
pdfTeX warning (ext4): destination with the same identifier (name{page.1}) has 
been already used, duplicate ignored
<to be read again> 
                   \relax 
l.94 \newpage
              [1]
Package babel Info: Redefining russian shorthand "|
(babel)             in language append on input line 98.
Package babel Info: Redefining russian shorthand "~
(babel)             in language append on input line 98.
Package babel Info: Redefining russian shorthand "|
(babel)             in language append on input line 102.
Package babel Info: Redefining russian shorthand "~
(babel)             in language append on input line 102.
LaTeX Font Info:    Try loading font information for OMS+cmr on input line 106.

 (/usr/share/texmf-dist/tex/latex/base/omscmr.fd
File: omscmr.fd 2014/09/29 v2.5h Standard LaTeX font definitions
)
LaTeX Font Info:    Font shape `OMS/cmr/m/n' in size <10> not available
(Font)              Font shape `OMS/cmsy/m/n' tried instead on input line 106.
Package babel Info: Redefining russian shorthand "|
(babel)             in language append on input line 123.
Package babel Info: Redefining russian shorthand "~
(babel)             in language append on input line 123.
Package babel Info: Redefining russian shorthand "|
(babel)             in language append on input line 126.
Package babel Info: Redefining russian shorthand "~
(babel)             in language append on input line 126.
Package babel Info: Redefining russian shorthand "|
(babel)             in language append on input line 128.
Package babel Info: Redefining russian shorthand "~
(babel)             in language append on input line 128.

<pics/Screenshot at 2016-04-18 00:20:42.png, id=80, 646.415pt x 504.88625pt>
File: pics/Screenshot at 2016-04-18 00:20:42.png Graphic file (type png)

<use pics/Screenshot at 2016-04-18 00:20:42.png>
Package pdftex.def Info: pics/Screenshot at 2016-04-18 00:20:42.png used on inp
ut line 137.
(pdftex.def)             Requested size: 323.20671pt x 252.44249pt.
Package babel Info: Redefining russian shorthand "|
(babel)             in language append on input line 144.
Package babel Info: Redefining russian shorthand "~
(babel)             in language append on input line 144.
Package babel Info: Redefining russian shorthand "|
(babel)             in language append on input line 144.
Package babel Info: Redefining russian shorthand "~
(babel)             in language append on input line 144.
 [2 <./pics/Screenshot at 2016-04-18 00:20:42.png>]
Package babel Info: Redefining russian shorthand "|
(babel)             in language append on input line 145.
Package babel Info: Redefining russian shorthand "~
(babel)             in language append on input line 145.

<pics/Screenshot at 2016-04-18 00:22:00.png, id=89, 505.89pt x 384.43625pt>
File: pics/Screenshot at 2016-04-18 00:22:00.png Graphic file (type png)

<use pics/Screenshot at 2016-04-18 00:22:00.png>
Package pdftex.def Info: pics/Screenshot at 2016-04-18 00:22:00.png used on inp
ut line 151.
(pdftex.def)             Requested size: 252.94437pt x 192.21765pt.

<pics/Screenshot at 2016-04-18 00:40:50.png, id=90, 528.97626pt x 384.43625pt>
File: pics/Screenshot at 2016-04-18 00:40:50.png Graphic file (type png)

<use pics/Screenshot at 2016-04-18 00:40:50.png>
Package pdftex.def Info: pics/Screenshot at 2016-04-18 00:40:50.png used on inp
ut line 163.
(pdftex.def)             Requested size: 264.48747pt x 192.21765pt.

Overfull \hbox (59.64633pt too wide) in paragraph at lines 169--170
[]\T2A/cmr/m/n/10 Также мож-но вы-брать до-пол-ни-тель-ные на-строй-ки. Мож-но 
ука-зать тип ал-го-рит-ма шиф-ро-ва-ния (RSA/DSA/ECDSA)
 []

<pics/Screenshot at 2016-06-17 13:41:46.png, id=91, 381.425pt x 463.7325pt>
File: pics/Screenshot at 2016-06-17 13:41:46.png Graphic file (type png)

<use pics/Screenshot at 2016-06-17 13:41:46.png>
Package pdftex.def Info: pics/Screenshot at 2016-06-17 13:41:46.png used on inp
ut line 173.
(pdftex.def)             Requested size: 190.71202pt x 231.86568pt.
Package babel Info: Redefining russian shorthand "|
(babel)             in language append on input line 178.
Package babel Info: Redefining russian shorthand "~
(babel)             in language append on input line 178.
Package babel Info: Redefining russian shorthand "|
(babel)             in language append on input line 178.
Package babel Info: Redefining russian shorthand "~
(babel)             in language append on input line 178.
 [3 <./pics/Screenshot at 2016-04-18 00:22:00.png> <./pics/Screenshot at 2016-0
4-18 00:40:50.png>]
<pics/Screenshot at 2016-04-18 00:41:00.png, id=100, 528.97626pt x 384.43625pt>
File: pics/Screenshot at 2016-04-18 00:41:00.png Graphic file (type png)
<use pics/Screenshot at 2016-04-18 00:41:00.png>
Package pdftex.def Info: pics/Screenshot at 2016-04-18 00:41:00.png used on inp
ut line 183.
(pdftex.def)             Requested size: 264.48747pt x 192.21765pt.

<pics/Screenshot at 2016-04-18 00:44:47.png, id=101, 528.97626pt x 422.57875pt>
File: pics/Screenshot at 2016-04-18 00:44:47.png Graphic file (type png)
<use pics/Screenshot at 2016-04-18 00:44:47.png>
Package pdftex.def Info: pics/Screenshot at 2016-04-18 00:44:47.png used on inp
ut line 193.
(pdftex.def)             Requested size: 264.48747pt x 211.28885pt.
Package babel Info: Redefining russian shorthand "|
(babel)             in language append on input line 198.
Package babel Info: Redefining russian shorthand "~
(babel)             in language append on input line 198.
Package babel Info: Redefining russian shorthand "|
(babel)             in language append on input line 198.
Package babel Info: Redefining russian shorthand "~
(babel)             in language append on input line 198.
 [4 <./pics/Screenshot at 2016-06-17 13:41:46.png> <./pics/Screenshot at 2016-0
4-18 00:41:00.png>]
<pics/Screenshot at 2016-04-18 00:47:43.png, id=110, 606.265pt x 472.76625pt>
File: pics/Screenshot at 2016-04-18 00:47:43.png Graphic file (type png)

<use pics/Screenshot at 2016-04-18 00:47:43.png>
Package pdftex.def Info: pics/Screenshot at 2016-04-18 00:47:43.png used on inp
ut line 203.
(pdftex.def)             Requested size: 424.3826pt x 330.93411pt.

<pics/Screenshot at 2016-04-18 00:52:12.png, id=111, 646.415pt x 504.88625pt>
File: pics/Screenshot at 2016-04-18 00:52:12.png Graphic file (type png)

<use pics/Screenshot at 2016-04-18 00:52:12.png>
Package pdftex.def Info: pics/Screenshot at 2016-04-18 00:52:12.png used on inp
ut line 213.
(pdftex.def)             Requested size: 323.20671pt x 252.44249pt.
Package babel Info: Redefining russian shorthand "|
(babel)             in language append on input line 218.
Package babel Info: Redefining russian shorthand "~
(babel)             in language append on input line 218.
Package babel Info: Redefining russian shorthand "|
(babel)             in language append on input line 218.
Package babel Info: Redefining russian shorthand "~
(babel)             in language append on input line 218.
 [5 <./pics/Screenshot at 2016-04-18 00:44:47.png> <./pics/Screenshot at 2016-0
4-18 00:47:43.png>]
Package babel Info: Redefining russian shorthand "|
(babel)             in language append on input line 220.
Package babel Info: Redefining russian shorthand "~
(babel)             in language append on input line 220.

<pics/Screenshot at 2016-04-18 00:52:52.png, id=120, 927.465pt x 609.27625pt>
File: pics/Screenshot at 2016-04-18 00:52:52.png Graphic file (type png)

<use pics/Screenshot at 2016-04-18 00:52:52.png>
Package pdftex.def Info: pics/Screenshot at 2016-04-18 00:52:52.png used on inp
ut line 226.
(pdftex.def)             Requested size: 463.73137pt x 304.63737pt.
Package babel Info: Redefining russian shorthand "|
(babel)             in language append on input line 233.
Package babel Info: Redefining russian shorthand "~
(babel)             in language append on input line 233.

<pics/Screenshot at 2016-04-18 00:56:27.png, id=121, 927.465pt x 609.27625pt>
File: pics/Screenshot at 2016-04-18 00:56:27.png Graphic file (type png)

<use pics/Screenshot at 2016-04-18 00:56:27.png>
Package pdftex.def Info: pics/Screenshot at 2016-04-18 00:56:27.png used on inp
ut line 240.
(pdftex.def)             Requested size: 463.73137pt x 304.63737pt.
Package babel Info: Redefining russian shorthand "|
(babel)             in language append on input line 244.
Package babel Info: Redefining russian shorthand "~
(babel)             in language append on input line 244.
Package babel Info: Redefining russian shorthand "|
(babel)             in language append on input line 244.
Package babel Info: Redefining russian shorthand "~
(babel)             in language append on input line 244.
 [6 <./pics/Screenshot at 2016-04-18 00:52:12.png> <./pics/Screenshot at 2016-0
4-18 00:52:52.png>]
<pics/sign.png, id=131, 620.3175pt x 438.63875pt>
File: pics/sign.png Graphic file (type png)
 <use pics/sign.png>
Package pdftex.def Info: pics/sign.png used on input line 250.
(pdftex.def)             Requested size: 310.15799pt x 219.31883pt.

<pics/sign_signing.png, id=132, 620.3175pt x 438.63875pt>
File: pics/sign_signing.png Graphic file (type png)

<use pics/sign_signing.png>
Package pdftex.def Info: pics/sign_signing.png used on input line 260.
(pdftex.def)             Requested size: 310.15799pt x 219.31883pt.
Package babel Info: Redefining russian shorthand "|
(babel)             in language append on input line 265.
Package babel Info: Redefining russian shorthand "~
(babel)             in language append on input line 265.
Package babel Info: Redefining russian shorthand "|
(babel)             in language append on input line 265.
Package babel Info: Redefining russian shorthand "~
(babel)             in language append on input line 265.
 [7 <./pics/Screenshot at 2016-04-18 00:56:27.png> <./pics/sign.png>]
<pics/signing_successful.png, id=141, 620.3175pt x 438.63875pt>
File: pics/signing_successful.png Graphic file (type png)

<use pics/signing_successful.png>
Package pdftex.def Info: pics/signing_successful.png used on input line 270.
(pdftex.def)             Requested size: 310.15799pt x 219.31883pt.

<pics/content_of_sig.png, id=142, 984.67876pt x 558.085pt>
File: pics/content_of_sig.png Graphic file (type png)

<use pics/content_of_sig.png>
Package pdftex.def Info: pics/content_of_sig.png used on input line 280.
(pdftex.def)             Requested size: 492.33817pt x 279.04182pt.

Overfull \hbox (8.6413pt too wide) in paragraph at lines 280--281
 [] 
 []

Package babel Info: Redefining russian shorthand "|
(babel)             in language append on input line 285.
Package babel Info: Redefining russian shorthand "~
(babel)             in language append on input line 285.
Package babel Info: Redefining russian shorthand "|
(babel)             in language append on input line 285.
Package babel Info: Redefining russian shorthand "~
(babel)             in language append on input line 285.
[8 <./pics/sign_signing.png> <./pics/signing_successful.png>]
Package babel Info: Redefining russian shorthand "|
(babel)             in language append on input line 288.
Package babel Info: Redefining russian shorthand "~
(babel)             in language append on input line 288.

<pics/Screenshot at 2016-04-18 00:56:45.png, id=151, 620.3175pt x 438.63875pt>
File: pics/Screenshot at 2016-04-18 00:56:45.png Graphic file (type png)

<use pics/Screenshot at 2016-04-18 00:56:45.png>
Package pdftex.def Info: pics/Screenshot at 2016-04-18 00:56:45.png used on inp
ut line 294.
(pdftex.def)             Requested size: 310.15799pt x 219.31883pt.

<pics/Screenshot at 2016-04-18 00:56:58.png, id=152, 620.3175pt x 555.07375pt>
File: pics/Screenshot at 2016-04-18 00:56:58.png Graphic file (type png)

<use pics/Screenshot at 2016-04-18 00:56:58.png>
Package pdftex.def Info: pics/Screenshot at 2016-04-18 00:56:58.png used on inp
ut line 304.
(pdftex.def)             Requested size: 310.15799pt x 277.53618pt.
Package babel Info: Redefining russian shorthand "|
(babel)             in language append on input line 309.
Package babel Info: Redefining russian shorthand "~
(babel)             in language append on input line 309.
Package babel Info: Redefining russian shorthand "|
(babel)             in language append on input line 309.
Package babel Info: Redefining russian shorthand "~
(babel)             in language append on input line 309.
 [9 <./pics/content_of_sig.png> <./pics/Screenshot at 2016-04-18 00:56:45.png>]

<pics/Screenshot at 2016-04-18 00:57:07.png, id=161, 620.3175pt x 555.07375pt>
File: pics/Screenshot at 2016-04-18 00:57:07.png Graphic file (type png)

<use pics/Screenshot at 2016-04-18 00:57:07.png>
Package pdftex.def Info: pics/Screenshot at 2016-04-18 00:57:07.png used on inp
ut line 314.
(pdftex.def)             Requested size: 310.15799pt x 277.53618pt.

<pics/Screenshot at 2016-04-18 01:00:22.png, id=162, 927.465pt x 609.27625pt>
File: pics/Screenshot at 2016-04-18 01:00:22.png Graphic file (type png)

<use pics/Screenshot at 2016-04-18 01:00:22.png>
Package pdftex.def Info: pics/Screenshot at 2016-04-18 01:00:22.png used on inp
ut line 324.
(pdftex.def)             Requested size: 463.73137pt x 304.63737pt.
Package babel Info: Redefining russian shorthand "|
(babel)             in language append on input line 329.
Package babel Info: Redefining russian shorthand "~
(babel)             in language append on input line 329.
Package babel Info: Redefining russian shorthand "|
(babel)             in language append on input line 329.
Package babel Info: Redefining russian shorthand "~
(babel)             in language append on input line 329.
 [10 <./pics/Screenshot at 2016-04-18 00:56:58.png> <./pics/Screenshot at 2016-
04-18 00:57:07.png>]
<pics/Screenshot at 2016-04-18 01:01:11.png, id=171, 699.61375pt x 504.88625pt>
File: pics/Screenshot at 2016-04-18 01:01:11.png Graphic file (type png)
<use pics/Screenshot at 2016-04-18 01:01:11.png>
Package pdftex.def Info: pics/Screenshot at 2016-04-18 01:01:11.png used on inp
ut line 334.
(pdftex.def)             Requested size: 349.80602pt x 252.44249pt.
Package babel Info: Redefining russian shorthand "|
(babel)             in language append on input line 342.
Package babel Info: Redefining russian shorthand "~
(babel)             in language append on input line 342.
Package babel Info: Redefining russian shorthand "|
(babel)             in language append on input line 346.
Package babel Info: Redefining russian shorthand "~
(babel)             in language append on input line 346.
Package babel Info: Redefining russian shorthand "|
(babel)             in language append on input line 346.
Package babel Info: Redefining russian shorthand "~
(babel)             in language append on input line 346.
 [11 <./pics/Screenshot at 2016-04-18 01:00:22.png> <./pics/Screenshot at 2016-
04-18 01:01:11.png>]
<pics/sig_enc.png, id=181, 671.50874pt x 438.63875pt>
File: pics/sig_enc.png Graphic file (type png)
 <use pics/sig_enc.png>
Package pdftex.def Info: pics/sig_enc.png used on input line 350.
(pdftex.def)             Requested size: 335.75356pt x 219.31883pt.

<pics/sig_enc_cert.png, id=182, 671.50874pt x 555.07375pt>
File: pics/sig_enc_cert.png Graphic file (type png)

<use pics/sig_enc_cert.png>
Package pdftex.def Info: pics/sig_enc_cert.png used on input line 360.
(pdftex.def)             Requested size: 335.75356pt x 277.53618pt.

<pics/sig_enc_enc.png, id=183, 671.50874pt x 555.07375pt>
File: pics/sig_enc_enc.png Graphic file (type png)

<use pics/sig_enc_enc.png>
Package pdftex.def Info: pics/sig_enc_enc.png used on input line 370.
(pdftex.def)             Requested size: 335.75356pt x 277.53618pt.
Package babel Info: Redefining russian shorthand "|
(babel)             in language append on input line 375.
Package babel Info: Redefining russian shorthand "~
(babel)             in language append on input line 375.
Package babel Info: Redefining russian shorthand "|
(babel)             in language append on input line 375.
Package babel Info: Redefining russian shorthand "~
(babel)             in language append on input line 375.
 [12 <./pics/sig_enc.png> <./pics/sig_enc_cert.png>]
<pics/sig_enc_succeeded.png, id=193, 671.50874pt x 555.07375pt>
File: pics/sig_enc_succeeded.png Graphic file (type png)

<use pics/sig_enc_succeeded.png>
Package pdftex.def Info: pics/sig_enc_succeeded.png used on input line 380.
(pdftex.def)             Requested size: 335.75356pt x 277.53618pt.
Package babel Info: Redefining russian shorthand "|
(babel)             in language append on input line 386.
Package babel Info: Redefining russian shorthand "~
(babel)             in language append on input line 386.
Package hyperref Info: bookmark level for unknown lstlisting defaults to 0 on i
nput line 390.
 (./logs/console.txt
LaTeX Font Info:    External font `cmex10' loaded for size
(Font)              <8> on input line 1.
LaTeX Font Info:    External font `cmex10' loaded for size
(Font)              <6> on input line 1.
Package babel Info: Redefining russian shorthand "|
(babel)             in language append on input line 4.
Package babel Info: Redefining russian shorthand "~
(babel)             in language append on input line 4.
Package babel Info: Redefining russian shorthand "|
(babel)             in language append on input line 4.
Package babel Info: Redefining russian shorthand "~
(babel)             in language append on input line 4.
 [13 <./pics/sig_enc_enc.png> <./pics/sig_enc_succeeded.png>]
Package babel Info: Redefining russian shorthand "|
(babel)             in language append on input line 80.
Package babel Info: Redefining russian shorthand "~
(babel)             in language append on input line 80.
Package babel Info: Redefining russian shorthand "|
(babel)             in language append on input line 80.
Package babel Info: Redefining russian shorthand "~
(babel)             in language append on input line 80.
 [14]) (./logs/console.txt)
(./logs/console.txt
Package babel Info: Redefining russian shorthand "|
(babel)             in language append on input line 150.
Package babel Info: Redefining russian shorthand "~
(babel)             in language append on input line 150.
Package babel Info: Redefining russian shorthand "|
(babel)             in language append on input line 150.
Package babel Info: Redefining russian shorthand "~
(babel)             in language append on input line 150.
 [15]) (./logs/console.txt)
Package babel Info: Redefining russian shorthand "|
(babel)             in language append on input line 406.
Package babel Info: Redefining russian shorthand "~
(babel)             in language append on input line 406.
Package atveryend Info: Empty hook `BeforeClearDocument' on input line 412.
Package babel Info: Redefining russian shorthand "|
(babel)             in language append on input line 412.
Package babel Info: Redefining russian shorthand "~
(babel)             in language append on input line 412.
Package babel Info: Redefining russian shorthand "|
(babel)             in language append on input line 412.
Package babel Info: Redefining russian shorthand "~
(babel)             in language append on input line 412.
 [16]
Package atveryend Info: Empty hook `AfterLastShipout' on input line 412.
 (./report.aux)
Package atveryend Info: Executing hook `AtVeryEndDocument' on input line 412.
Package atveryend Info: Executing hook `AtEndAfterFileList' on input line 412.
Package rerunfilecheck Info: File `report.out' has not changed.
(rerunfilecheck)             Checksum: E3EA482652D5C4EF890590DFEF56CF8E;3140.


LaTeX Warning: There were multiply-defined labels.

Package atveryend Info: Empty hook `AtVeryVeryEnd' on input line 412.
 ) 
Here is how much of TeX's memory you used:
 14093 strings out of 493054
 200494 string characters out of 6140586
 930012 words of memory out of 5000000
 17262 multiletter control sequences out of 15000+600000
 12695 words of font info for 29 fonts, out of 8000000 for 9000
 1141 hyphenation exceptions out of 8191
 36i,7n,49p,1227b,1089s stack positions out of 5000i,500n,10000p,200000b,80000s
{/usr/share/texmf-dist/fonts/enc/dvips/cm-super/cm-super-t2a.enc}</usr/share/
texmf-dist/fonts/type1/public/amsfonts/cm/cmmi8.pfb></usr/share/texmf-dist/font
s/type1/public/amsfonts/cm/cmsy10.pfb></usr/share/texmf-dist/fonts/type1/public
/amsfonts/cm/cmsy8.pfb></usr/share/texmf-dist/fonts/type1/public/cm-super/sfbx1
000.pfb></usr/share/texmf-dist/fonts/type1/public/cm-super/sfbx1200.pfb></usr/s
hare/texmf-dist/fonts/type1/public/cm-super/sfbx1440.pfb></usr/share/texmf-dist
/fonts/type1/public/cm-super/sfrm0800.pfb></usr/share/texmf-dist/fonts/type1/pu
blic/cm-super/sfrm1000.pfb></usr/share/texmf-dist/fonts/type1/public/cm-super/s
frm1200.pfb></usr/share/texmf-dist/fonts/type1/public/cm-super/sfrm2074.pfb>
Output written on report.pdf (17 pages, 1566873 bytes).
PDF statistics:
 473 PDF objects out of 1000 (max. 8388607)
 394 compressed objects within 4 object streams
 223 named destinations out of 1000 (max. 500000)
 212 words of extra memory for PDF output out of 10000 (max. 10000000)

